[16:25:32] [Client thread/INFO]: Setting user: Player986
[16:25:37] [Client thread/INFO]: LWJGL Version: 2.9.4
[16:25:43] [Client thread/INFO]: Reloading ResourceManager: Default, FMLFileResourcePack:Forge Mod Loader, FMLFileResourcePack:Minecraft Forge, FMLFileResourcePack:Cosmetic Wings
[16:25:46] [Sound Library Loader/INFO]: Starting up SoundSystem...
[16:25:47] [Thread-8/INFO]: Initializing LWJGL OpenAL
[16:25:47] [Thread-8/INFO]: (The LWJGL binding of OpenAL.  For more information, see http://www.lwjgl.org)
[16:25:47] [Thread-8/INFO]: OpenAL initialized.
[16:25:47] [Sound Library Loader/INFO]: Sound engine started
[16:25:52] [Client thread/INFO]: Created: 16x16 textures-atlas
[16:25:54] [Client thread/INFO]: Reloading ResourceManager: Default, FMLFileResourcePack:Forge Mod Loader, FMLFileResourcePack:Minecraft Forge, FMLFileResourcePack:Cosmetic Wings
[16:25:57] [Client thread/INFO]: SoundSystem shutting down...
[16:25:57] [Client thread/WARN]: Author: Paul Lamb, www.paulscode.com
[16:25:57] [Sound Library Loader/INFO]: Starting up SoundSystem...
[16:25:57] [Thread-10/INFO]: Initializing LWJGL OpenAL
[16:25:57] [Thread-10/INFO]: (The LWJGL binding of OpenAL.  For more information, see http://www.lwjgl.org)
[16:25:57] [Thread-10/INFO]: OpenAL initialized.
[16:25:58] [Sound Library Loader/INFO]: Sound engine started
[16:26:01] [Client thread/INFO]: Created: 1024x512 textures-atlas
[16:26:04] [Realms Notification Availability checker #1/INFO]: Could not authorize you against Realms server: Invalid session id
[16:26:15] [Server thread/INFO]: Starting integrated minecraft server version 1.9.4
[16:26:15] [Server thread/INFO]: Generating keypair
[16:26:17] [Server thread/INFO]: Preparing start region for level 0
[16:26:18] [Server thread/INFO]: Preparing spawn area: 4%
[16:26:19] [Server thread/INFO]: Preparing spawn area: 8%
[16:26:20] [Server thread/INFO]: Preparing spawn area: 13%
[16:26:21] [Server thread/INFO]: Preparing spawn area: 19%
[16:26:22] [Server thread/INFO]: Preparing spawn area: 27%
[16:26:24] [Server thread/INFO]: Preparing spawn area: 35%
[16:26:25] [Server thread/INFO]: Preparing spawn area: 43%
[16:26:26] [Server thread/INFO]: Preparing spawn area: 52%
[16:26:27] [Server thread/INFO]: Preparing spawn area: 60%
[16:26:28] [Server thread/INFO]: Preparing spawn area: 69%
[16:26:29] [Server thread/INFO]: Preparing spawn area: 78%
[16:26:30] [Server thread/INFO]: Preparing spawn area: 89%
[16:26:31] [Server thread/INFO]: Preparing spawn area: 98%
[16:26:31] [Server thread/INFO]: Changing view distance to 12, from 10
[16:26:33] [Server thread/INFO]: Player986[local:E:7bf97187] logged in with entity id 591 at (-2.5, 61.0, 190.5)
[16:26:33] [Server thread/INFO]: Player986 joined the game
[16:26:36] [Server thread/INFO]: Saving and pausing game...
[16:26:36] [Server thread/INFO]: Saving chunks for level 'New World 2'/Overworld
[16:26:36] [pool-2-thread-1/WARN]: Couldn't look up profile properties for com.mojang.authlib.GameProfile@6acaded4[id=ad740e1c-84c3-3b16-9064-6e382083a878,name=Player986,properties={},legacy=false]
com.mojang.authlib.exceptions.AuthenticationException: The client has sent too many requests within a certain amount of time
	at com.mojang.authlib.yggdrasil.YggdrasilAuthenticationService.makeRequest(YggdrasilAuthenticationService.java:65) ~[YggdrasilAuthenticationService.class:?]
	at com.mojang.authlib.yggdrasil.YggdrasilMinecraftSessionService.fillGameProfile(YggdrasilMinecraftSessionService.java:175) [YggdrasilMinecraftSessionService.class:?]
	at com.mojang.authlib.yggdrasil.YggdrasilMinecraftSessionService$1.load(YggdrasilMinecraftSessionService.java:59) [YggdrasilMinecraftSessionService$1.class:?]
	at com.mojang.authlib.yggdrasil.YggdrasilMinecraftSessionService$1.load(YggdrasilMinecraftSessionService.java:56) [YggdrasilMinecraftSessionService$1.class:?]
	at com.google.common.cache.LocalCache$LoadingValueReference.loadFuture(LocalCache.java:3524) [guava-17.0.jar:?]
	at com.google.common.cache.LocalCache$Segment.loadSync(LocalCache.java:2317) [guava-17.0.jar:?]
	at com.google.common.cache.LocalCache$Segment.lockedGetOrLoad(LocalCache.java:2280) [guava-17.0.jar:?]
	at com.google.common.cache.LocalCache$Segment.get(LocalCache.java:2195) [guava-17.0.jar:?]
	at com.google.common.cache.LocalCache.get(LocalCache.java:3934) [guava-17.0.jar:?]
	at com.google.common.cache.LocalCache.getOrLoad(LocalCache.java:3938) [guava-17.0.jar:?]
	at com.google.common.cache.LocalCache$LocalLoadingCache.get(LocalCache.java:4821) [guava-17.0.jar:?]
	at com.google.common.cache.LocalCache$LocalLoadingCache.getUnchecked(LocalCache.java:4827) [guava-17.0.jar:?]
	at com.mojang.authlib.yggdrasil.YggdrasilMinecraftSessionService.fillProfileProperties(YggdrasilMinecraftSessionService.java:165) [YggdrasilMinecraftSessionService.class:?]
	at net.minecraft.client.Minecraft.getProfileProperties(Minecraft.java:3043) [Minecraft.class:?]
	at net.minecraft.client.resources.SkinManager$3.run(SkinManager.java:131) [SkinManager$3.class:?]
	at java.util.concurrent.Executors$RunnableAdapter.call(Unknown Source) [?:1.8.0_65]
	at java.util.concurrent.FutureTask.run(Unknown Source) [?:1.8.0_65]
	at java.util.concurrent.ThreadPoolExecutor.runWorker(Unknown Source) [?:1.8.0_65]
	at java.util.concurrent.ThreadPoolExecutor$Worker.run(Unknown Source) [?:1.8.0_65]
	at java.lang.Thread.run(Unknown Source) [?:1.8.0_65]
[16:26:37] [Server thread/INFO]: Saving chunks for level 'New World 2'/Nether
[16:26:37] [Server thread/INFO]: Saving chunks for level 'New World 2'/The End
[16:26:37] [Server thread/WARN]: Can't keep up! Did the system time change, or is the server overloaded? Running 5691ms behind, skipping 113 tick(s)
[16:28:18] [Client thread/INFO]: [CHAT] Saved screenshot as 2016-06-21_16.28.17.png
[16:28:44] [Client thread/INFO]: [CHAT] Saved screenshot as 2016-06-21_16.28.43.png
[16:28:45] [Server thread/INFO]: Saving and pausing game...
[16:28:45] [Server thread/INFO]: Saving chunks for level 'New World 2'/Overworld
[16:28:46] [Server thread/INFO]: Saving chunks for level 'New World 2'/Nether
[16:28:46] [Server thread/INFO]: Saving chunks for level 'New World 2'/The End
[16:28:46] [Server thread/INFO]: Stopping server
[16:28:46] [Server thread/INFO]: Saving players
[16:28:46] [Server thread/INFO]: Saving worlds
[16:28:46] [Server thread/INFO]: Saving chunks for level 'New World 2'/Overworld
[16:28:46] [Server thread/INFO]: Saving chunks for level 'New World 2'/Nether
[16:28:46] [Server thread/INFO]: Saving chunks for level 'New World 2'/The End
[16:28:48] [Client thread/INFO]: Stopping!
[16:28:48] [Client thread/INFO]: SoundSystem shutting down...
[16:28:48] [Client thread/WARN]: Author: Paul Lamb, www.paulscode.com
